#
# There is insufficient memory for the Java Runtime Environment to continue.
# Native memory allocation (malloc) failed to allocate 1139616 bytes. Error detail: Chunk::new
# Possible reasons:
#   The system is out of physical RAM or swap space
#   This process is running with CompressedOops enabled, and the Java Heap may be blocking the growth of the native heap
# Possible solutions:
#   Reduce memory load on the system
#   Increase physical memory or swap space
#   Check if swap backing store is full
#   Decrease Java heap size (-Xmx/-Xms)
#   Decrease number of Java threads
#   Decrease Java thread stack sizes (-Xss)
#   Set larger code cache with -XX:ReservedCodeCacheSize=
#   JVM is running with Unscaled Compressed Oops mode in which the Java heap is
#     placed in the first 4GB address space. The Java Heap base address is the
#     maximum limit for the native heap growth. Please use -XX:HeapBaseMinAddress
#     to set the Java Heap base and to place the Java Heap above 4GB virtual address.
# This output file may be truncated or incomplete.
#
#  Out of Memory Error (arena.cpp:168), pid=24156, tid=19936
#
# JRE version: OpenJDK Runtime Environment Temurin-21.0.8+9 (21.0.8+9) (build 21.0.8+9-LTS)
# Java VM: OpenJDK 64-Bit Server VM Temurin-21.0.8+9 (21.0.8+9-LTS, mixed mode, sharing, tiered, compressed oops, compressed class ptrs, parallel gc, windows-amd64)
# No core dump will be written. Minidumps are not enabled by default on client versions of Windows
#

---------------  S U M M A R Y ------------

Command Line: --add-modules=ALL-SYSTEM --add-opens=java.base/java.util=ALL-UNNAMED --add-opens=java.base/java.lang=ALL-UNNAMED --add-opens=java.base/sun.nio.fs=ALL-UNNAMED -Declipse.application=org.eclipse.jdt.ls.core.id1 -Dosgi.bundles.defaultStartLevel=4 -Declipse.product=org.eclipse.jdt.ls.core.product -Djava.import.generatesMetadataFilesAtProjectRoot=false -DDetectVMInstallationsJob.disabled=true -Dfile.encoding=utf8 -XX:+UseParallelGC -XX:GCTimeRatio=4 -XX:AdaptiveSizePolicyWeight=90 -Dsun.zip.disableMemoryMapping=true -Xmx2G -Xms100m -Xlog:disable -javaagent:c:\Users\tranv\.vscode\extensions\redhat.java-1.47.0-win32-x64\lombok\lombok-1.18.39-4050.jar -XX:+HeapDumpOnOutOfMemoryError -XX:HeapDumpPath=c:\Users\tranv\AppData\Roaming\Code\User\workspaceStorage\4b63f8233f234ad6b6c4e964067bbf89\redhat.java -Daether.dependencyCollector.impl=bf c:\Users\tranv\.vscode\extensions\redhat.java-1.47.0-win32-x64\server\plugins\org.eclipse.equinox.launcher_1.7.100.v20251014-1222.jar -configuration c:\Users\tranv\AppData\Roaming\Code\User\globalStorage\redhat.java\1.47.0\config_win -data c:\Users\tranv\AppData\Roaming\Code\User\workspaceStorage\4b63f8233f234ad6b6c4e964067bbf89\redhat.java\jdt_ws --pipe=\\.\pipe\lsp-c1b61e0e7a7f6c773c8793a66b7e4742-sock

Host: AMD Ryzen 5 5600H with Radeon Graphics         , 12 cores, 15G,  Windows 11 , 64 bit Build 26100 (10.0.26100.7019)
Time: Mon Dec  1 22:13:23 2025 SE Asia Standard Time elapsed time: 17.869484 seconds (0d 0h 0m 17s)

---------------  T H R E A D  ---------------

Current thread (0x000001d7ead11890):  JavaThread "C2 CompilerThread2" daemon [_thread_in_native, id=19936, stack(0x0000007d2da00000,0x0000007d2db00000) (1024K)]


Current CompileTask:
C2:17869 8327       4       org.eclipse.jdt.internal.core.JarPackageFragmentRoot::initRawPackageInfo (292 bytes)

Stack: [0x0000007d2da00000,0x0000007d2db00000]
Native frames: (J=compiled Java code, j=interpreted, Vv=VM code, C=native code)
V  [jvm.dll+0x6d2449]
V  [jvm.dll+0x8ae341]
V  [jvm.dll+0x8b08be]
V  [jvm.dll+0x8b0fa3]
V  [jvm.dll+0x280c96]
V  [jvm.dll+0xc581d]
V  [jvm.dll+0xc5d53]
V  [jvm.dll+0x3b919c]
V  [jvm.dll+0x385315]
V  [jvm.dll+0x38477a]
V  [jvm.dll+0x248ed0]
V  [jvm.dll+0x2484af]
V  [jvm.dll+0x1c89ee]
V  [jvm.dll+0x257d4d]
V  [jvm.dll+0x2562ea]
V  [jvm.dll+0x3f2d16]
V  [jvm.dll+0x857e6b]
V  [jvm.dll+0x6d0b0d]
C  [ucrtbase.dll+0x37b0]
C  [KERNEL32.DLL+0x2e8d7]
C  [ntdll.dll+0x8c53c]


---------------  P R O C E S S  ---------------

Threads class SMR info:
_java_thread_list=0x000001d7eeae3500, length=55, elements={
0x000001d78bae3210, 0x000001d78ba693a0, 0x000001d78bb8b7b0, 0x000001d78ba7a850,
0x000001d78ba7d630, 0x000001d78ba7de60, 0x000001d78ba7e710, 0x000001d7e48a9e60,
0x000001d7e48ca940, 0x000001d7e49b30b0, 0x000001d7e49b4460, 0x000001d7e49b3740,
0x000001d7e49b3dd0, 0x000001d7e49b2a20, 0x000001d7e49b2390, 0x000001d7e49b1670,
0x000001d7e49b1d00, 0x000001d7eac46110, 0x000001d7eac43320, 0x000001d7eac44040,
0x000001d7eac446d0, 0x000001d7eac453f0, 0x000001d7ea0c7300, 0x000001d7ead11890,
0x000001d7eac439b0, 0x000001d7eac45a80, 0x000001d7eac44d60, 0x000001d7ed41af50,
0x000001d7ed4187f0, 0x000001d7ed418160, 0x000001d7ed419510, 0x000001d7ed418e80,
0x000001d7ed41c990, 0x000001d7ed41bc70, 0x000001d7ed41a8c0, 0x000001d7ed41b5e0,
0x000001d7ed41c300, 0x000001d7ed41d020, 0x000001d7ed419ba0, 0x000001d7ed41d6b0,
0x000001d7ed41a230, 0x000001d7ed41dd40, 0x000001d7ed41f0f0, 0x000001d7ed41ea60,
0x000001d7eaec4e50, 0x000001d7eaec3410, 0x000001d7eaec6200, 0x000001d7eaec6890,
0x000001d7eaec5b70, 0x000001d7eaec54e0, 0x000001d7eaec6f20, 0x000001d7eaec3aa0,
0x000001d7eaec47c0, 0x000001d7eaec75b0, 0x000001d7eaec4130
}

Java Threads: ( => current thread )
  0x000001d78bae3210 JavaThread "main"                              [_thread_blocked, id=14260, stack(0x0000007d2b700000,0x0000007d2b800000) (1024K)]
  0x000001d78ba693a0 JavaThread "Reference Handler"          daemon [_thread_blocked, id=31416, stack(0x0000007d2bb00000,0x0000007d2bc00000) (1024K)]
  0x000001d78bb8b7b0 JavaThread "Finalizer"                  daemon [_thread_blocked, id=30992, stack(0x0000007d2bc00000,0x0000007d2bd00000) (1024K)]
  0x000001d78ba7a850 JavaThread "Signal Dispatcher"          daemon [_thread_blocked, id=12284, stack(0x0000007d2bd00000,0x0000007d2be00000) (1024K)]
  0x000001d78ba7d630 JavaThread "Attach Listener"            daemon [_thread_blocked, id=10112, stack(0x0000007d2be00000,0x0000007d2bf00000) (1024K)]
  0x000001d78ba7de60 JavaThread "Service Thread"             daemon [_thread_blocked, id=31112, stack(0x0000007d2bf00000,0x0000007d2c000000) (1024K)]
  0x000001d78ba7e710 JavaThread "Monitor Deflation Thread"   daemon [_thread_blocked, id=23548, stack(0x0000007d2c000000,0x0000007d2c100000) (1024K)]
  0x000001d7e48a9e60 JavaThread "C2 CompilerThread0"         daemon [_thread_blocked, id=8084, stack(0x0000007d2c100000,0x0000007d2c200000) (1024K)]
  0x000001d7e48ca940 JavaThread "C1 CompilerThread0"         daemon [_thread_blocked, id=9160, stack(0x0000007d2c200000,0x0000007d2c300000) (1024K)]
  0x000001d7e49b30b0 JavaThread "Common-Cleaner"             daemon [_thread_blocked, id=16060, stack(0x0000007d2c300000,0x0000007d2c400000) (1024K)]
  0x000001d7e49b4460 JavaThread "Notification Thread"        daemon [_thread_blocked, id=24220, stack(0x0000007d2c500000,0x0000007d2c600000) (1024K)]
  0x000001d7e49b3740 JavaThread "Active Thread: Equinox Container: daff6516-3506-4dad-a49a-0a7bbbaf8234"        [_thread_blocked, id=30600, stack(0x0000007d2cd00000,0x0000007d2ce00000) (1024K)]
  0x000001d7e49b3dd0 JavaThread "Refresh Thread: Equinox Container: daff6516-3506-4dad-a49a-0a7bbbaf8234" daemon [_thread_blocked, id=26284, stack(0x0000007d2ce00000,0x0000007d2cf00000) (1024K)]
  0x000001d7e49b2a20 JavaThread "Framework Event Dispatcher: Equinox Container: daff6516-3506-4dad-a49a-0a7bbbaf8234" daemon [_thread_blocked, id=10268, stack(0x0000007d2d000000,0x0000007d2d100000) (1024K)]
  0x000001d7e49b2390 JavaThread "Start Level: Equinox Container: daff6516-3506-4dad-a49a-0a7bbbaf8234" daemon [_thread_blocked, id=20952, stack(0x0000007d2d100000,0x0000007d2d200000) (1024K)]
  0x000001d7e49b1670 JavaThread "Bundle File Closer"         daemon [_thread_blocked, id=13636, stack(0x0000007d2d400000,0x0000007d2d500000) (1024K)]
  0x000001d7e49b1d00 JavaThread "SCR Component Actor"        daemon [_thread_blocked, id=7136, stack(0x0000007d2d500000,0x0000007d2d600000) (1024K)]
  0x000001d7eac46110 JavaThread "Worker-JM"                         [_thread_blocked, id=17348, stack(0x0000007d2d600000,0x0000007d2d700000) (1024K)]
  0x000001d7eac43320 JavaThread "JNA Cleaner"                daemon [_thread_blocked, id=11740, stack(0x0000007d2c400000,0x0000007d2c500000) (1024K)]
  0x000001d7eac44040 JavaThread "Worker-0: Initialize workspace"        [_thread_blocked, id=28436, stack(0x0000007d2c600000,0x0000007d2c700000) (1024K)]
  0x000001d7eac446d0 JavaThread "Worker-1: Publish Diagnostics"        [_thread_blocked, id=13664, stack(0x0000007d2d700000,0x0000007d2d800000) (1024K)]
  0x000001d7eac453f0 JavaThread "Worker-2: Shutdown..."             [_thread_blocked, id=30808, stack(0x0000007d2d800000,0x0000007d2d900000) (1024K)]
  0x000001d7ea0c7300 JavaThread "C2 CompilerThread1"         daemon [_thread_in_native, id=12500, stack(0x0000007d2d900000,0x0000007d2da00000) (1024K)]
=>0x000001d7ead11890 JavaThread "C2 CompilerThread2"         daemon [_thread_in_native, id=19936, stack(0x0000007d2da00000,0x0000007d2db00000) (1024K)]
  0x000001d7eac439b0 JavaThread "Java indexing"              daemon [_thread_blocked, id=24104, stack(0x0000007d2db00000,0x0000007d2dc00000) (1024K)]
  0x000001d7eac45a80 JavaThread "Worker-3: Update project springWEB"        [_thread_blocked, id=29292, stack(0x0000007d2de00000,0x0000007d2df00000) (1024K)]
  0x000001d7eac44d60 JavaThread "Thread-1"                   daemon [_thread_in_native, id=16124, stack(0x0000007d2df00000,0x0000007d2e000000) (1024K)]
  0x000001d7ed41af50 JavaThread "Thread-2"                   daemon [_thread_in_native, id=1968, stack(0x0000007d2e000000,0x0000007d2e100000) (1024K)]
  0x000001d7ed4187f0 JavaThread "Thread-3"                   daemon [_thread_in_native, id=30640, stack(0x0000007d2e100000,0x0000007d2e200000) (1024K)]
  0x000001d7ed418160 JavaThread "Thread-4"                   daemon [_thread_in_native, id=17200, stack(0x0000007d2e200000,0x0000007d2e300000) (1024K)]
  0x000001d7ed419510 JavaThread "Thread-5"                   daemon [_thread_in_native, id=26348, stack(0x0000007d2e300000,0x0000007d2e400000) (1024K)]
  0x000001d7ed418e80 JavaThread "Thread-6"                   daemon [_thread_in_native, id=19572, stack(0x0000007d2e400000,0x0000007d2e500000) (1024K)]
  0x000001d7ed41c990 JavaThread "Thread-7"                   daemon [_thread_in_native, id=10392, stack(0x0000007d2e500000,0x0000007d2e600000) (1024K)]
  0x000001d7ed41bc70 JavaThread "Thread-8"                   daemon [_thread_in_native, id=11572, stack(0x0000007d2e600000,0x0000007d2e700000) (1024K)]
  0x000001d7ed41a8c0 JavaThread "Thread-9"                   daemon [_thread_in_native, id=21372, stack(0x0000007d2e700000,0x0000007d2e800000) (1024K)]
  0x000001d7ed41b5e0 JavaThread "Thread-10"                  daemon [_thread_in_native, id=8, stack(0x0000007d2e800000,0x0000007d2e900000) (1024K)]
  0x000001d7ed41c300 JavaThread "Thread-11"                  daemon [_thread_in_native, id=19836, stack(0x0000007d2e900000,0x0000007d2ea00000) (1024K)]
  0x000001d7ed41d020 JavaThread "Thread-12"                  daemon [_thread_in_native, id=8076, stack(0x0000007d2ea00000,0x0000007d2eb00000) (1024K)]
  0x000001d7ed419ba0 JavaThread "Thread-13"                  daemon [_thread_in_native, id=6628, stack(0x0000007d2eb00000,0x0000007d2ec00000) (1024K)]
  0x000001d7ed41d6b0 JavaThread "pool-2-thread-1"                   [_thread_blocked, id=21152, stack(0x0000007d2ec00000,0x0000007d2ed00000) (1024K)]
  0x000001d7ed41a230 JavaThread "WorkspaceEventsHandler"            [_thread_blocked, id=18388, stack(0x0000007d2ed00000,0x0000007d2ee00000) (1024K)]
  0x000001d7ed41dd40 JavaThread "pool-1-thread-1"                   [_thread_blocked, id=27740, stack(0x0000007d2ee00000,0x0000007d2ef00000) (1024K)]
  0x000001d7ed41f0f0 JavaThread "ForkJoinPool.commonPool-worker-1" daemon [_thread_in_Java, id=18880, stack(0x0000007d2ef00000,0x0000007d2f000000) (1024K)]
  0x000001d7ed41ea60 JavaThread "ForkJoinPool.commonPool-worker-2" daemon [_thread_blocked, id=11980, stack(0x0000007d2f000000,0x0000007d2f100000) (1024K)]
  0x000001d7eaec4e50 JavaThread "ForkJoinPool.commonPool-worker-3" daemon [_thread_blocked, id=4316, stack(0x0000007d2f100000,0x0000007d2f200000) (1024K)]
  0x000001d7eaec3410 JavaThread "ForkJoinPool.commonPool-worker-4" daemon [_thread_blocked, id=6224, stack(0x0000007d2f200000,0x0000007d2f300000) (1024K)]
  0x000001d7eaec6200 JavaThread "ForkJoinPool.commonPool-worker-5" daemon [_thread_blocked, id=2528, stack(0x0000007d2f300000,0x0000007d2f400000) (1024K)]
  0x000001d7eaec6890 JavaThread "ForkJoinPool.commonPool-worker-6" daemon [_thread_blocked, id=29700, stack(0x0000007d2f400000,0x0000007d2f500000) (1024K)]
  0x000001d7eaec5b70 JavaThread "ForkJoinPool.commonPool-worker-7" daemon [_thread_blocked, id=21404, stack(0x0000007d2f500000,0x0000007d2f600000) (1024K)]
  0x000001d7eaec54e0 JavaThread "ForkJoinPool.commonPool-worker-8" daemon [_thread_blocked, id=13116, stack(0x0000007d2f600000,0x0000007d2f700000) (1024K)]
  0x000001d7eaec6f20 JavaThread "ForkJoinPool.commonPool-worker-9" daemon [_thread_blocked, id=30212, stack(0x0000007d2f700000,0x0000007d2f800000) (1024K)]
  0x000001d7eaec3aa0 JavaThread "ForkJoinPool.commonPool-worker-10" daemon [_thread_blocked, id=28444, stack(0x0000007d2f800000,0x0000007d2f900000) (1024K)]
  0x000001d7eaec47c0 JavaThread "ForkJoinPool.commonPool-worker-11" daemon [_thread_blocked, id=31556, stack(0x0000007d2f900000,0x0000007d2fa00000) (1024K)]
  0x000001d7eaec75b0 JavaThread "Worker-4"                          [_thread_blocked, id=23272, stack(0x0000007d2fa00000,0x0000007d2fb00000) (1024K)]
  0x000001d7eaec4130 JavaThread "pool-3-thread-1"                   [_thread_blocked, id=9020, stack(0x0000007d2fb00000,0x0000007d2fc00000) (1024K)]
Total: 55

Other Threads:
  0x000001d78bb7ac10 VMThread "VM Thread"                           [id=28988, stack(0x0000007d2ba00000,0x0000007d2bb00000) (1024K)]
  0x000001d78b95ca00 WatcherThread "VM Periodic Task Thread"        [id=8968, stack(0x0000007d2b900000,0x0000007d2ba00000) (1024K)]
  0x000001d78bafa7e0 WorkerThread "GC Thread#0"                     [id=16444, stack(0x0000007d2b800000,0x0000007d2b900000) (1024K)]
  0x000001d7ea43a8e0 WorkerThread "GC Thread#1"                     [id=10588, stack(0x0000007d2c700000,0x0000007d2c800000) (1024K)]
  0x000001d7ea43ac80 WorkerThread "GC Thread#2"                     [id=11744, stack(0x0000007d2c800000,0x0000007d2c900000) (1024K)]
  0x000001d7ea43b020 WorkerThread "GC Thread#3"                     [id=25664, stack(0x0000007d2c900000,0x0000007d2ca00000) (1024K)]
  0x000001d7ea9c7010 WorkerThread "GC Thread#4"                     [id=17100, stack(0x0000007d2ca00000,0x0000007d2cb00000) (1024K)]
  0x000001d7ea9c73b0 WorkerThread "GC Thread#5"                     [id=19244, stack(0x0000007d2cb00000,0x0000007d2cc00000) (1024K)]
  0x000001d7ea9c7750 WorkerThread "GC Thread#6"                     [id=16752, stack(0x0000007d2cc00000,0x0000007d2cd00000) (1024K)]
  0x000001d7ea5096f0 WorkerThread "GC Thread#7"                     [id=3068, stack(0x0000007d2cf00000,0x0000007d2d000000) (1024K)]
  0x000001d7eaff3bc0 WorkerThread "GC Thread#8"                     [id=8980, stack(0x0000007d2d200000,0x0000007d2d300000) (1024K)]
  0x000001d7ea92bee0 WorkerThread "GC Thread#9"                     [id=27892, stack(0x0000007d2d300000,0x0000007d2d400000) (1024K)]
Total: 12

Threads with active compile tasks:
C2 CompilerThread0  17892 8001   !   4       org.eclipse.jdt.internal.core.util.DeduplicationUtil::intern (149 bytes)
C2 CompilerThread1  17892 8399       4       java.util.concurrent.ConcurrentHashMap$EntryIterator::next (51 bytes)
C2 CompilerThread2  17892 8327       4       org.eclipse.jdt.internal.core.JarPackageFragmentRoot::initRawPackageInfo (292 bytes)
Total: 3

VM state: not at safepoint (normal execution)

VM Mutex/Monitor currently owned by a thread: None

Heap address: 0x0000000080000000, size: 2048 MB, Compressed Oops mode: 32-bit

CDS archive(s) mapped at: [0x000001d7a3000000-0x000001d7a3ba0000-0x000001d7a3ba0000), size 12189696, SharedBaseAddress: 0x000001d7a3000000, ArchiveRelocationMode: 1.
Compressed class space mapped at: 0x000001d7a4000000-0x000001d7e4000000, reserved size: 1073741824
Narrow klass base: 0x000001d7a3000000, Narrow klass shift: 0, Narrow klass range: 0x100000000

GC Precious Log:
 CardTable entry size: 512
 CPUs: 12 total, 12 available
 Memory: 16252M
 Large Page Support: Disabled
 NUMA Support: Disabled
 Compressed Oops: Enabled (32-bit)
 Alignments: Space 512K, Generation 512K, Heap 2M
 Heap Min Capacity: 100M
 Heap Initial Capacity: 100M
 Heap Max Capacity: 2G
 Pre-touch: Disabled
 Parallel Workers: 10

Heap:
 PSYoungGen      total 16384K, used 3040K [0x00000000d5580000, 0x00000000d6a80000, 0x0000000100000000)
  eden space 15872K, 16% used [0x00000000d5580000,0x00000000d58017b8,0x00000000d6500000)
  from space 512K, 95% used [0x00000000d6680000,0x00000000d66fa368,0x00000000d6700000)
  to   space 1536K, 0% used [0x00000000d6500000,0x00000000d6500000,0x00000000d6680000)
 ParOldGen       total 68608K, used 60845K [0x0000000080000000, 0x0000000084300000, 0x00000000d5580000)
  object space 68608K, 88% used [0x0000000080000000,0x0000000083b6b438,0x0000000084300000)
 Metaspace       used 57651K, committed 59008K, reserved 1114112K
  class space    used 6216K, committed 6784K, reserved 1048576K

Card table byte_map: [0x000001d78b470000,0x000001d78b880000] _byte_map_base: 0x000001d78b070000

Marking Bits: (ParMarkBitMap*) 0x00007ffdc198a340
 Begin Bits: [0x000001d79df70000, 0x000001d79ff70000)
 End Bits:   [0x000001d79ff70000, 0x000001d7a1f70000)

Polling page: 0x000001d7898c0000

Metaspace:

Usage:
  Non-class:     50.23 MB used.
      Class:      6.07 MB used.
       Both:     56.30 MB used.

Virtual space:
  Non-class space:       64.00 MB reserved,      51.00 MB ( 80%) committed,  1 nodes.
      Class space:        1.00 GB reserved,       6.62 MB ( <1%) committed,  1 nodes.
             Both:        1.06 GB reserved,      57.62 MB (  5%) committed. 

Chunk freelists:
   Non-Class:  12.64 MB
       Class:  9.41 MB
        Both:  22.05 MB

MaxMetaspaceSize: unlimited
CompressedClassSpaceSize: 1.00 GB
Initial GC threshold: 21.00 MB
Current GC threshold: 58.38 MB
CDS: on
 - commit_granule_bytes: 65536.
 - commit_granule_words: 8192.
 - virtual_space_node_default_size: 8388608.
 - enlarge_chunks_in_place: 1.
 - use_allocation_guard: 0.


Internal statistics:

num_allocs_failed_limit: 6.
num_arena_births: 1084.
num_arena_deaths: 14.
num_vsnodes_births: 2.
num_vsnodes_deaths: 0.
num_space_committed: 922.
num_space_uncommitted: 0.
num_chunks_returned_to_freelist: 20.
num_chunks_taken_from_freelist: 3819.
num_chunk_merges: 9.
num_chunk_splits: 2330.
num_chunks_enlarged: 1276.
num_inconsistent_stats: 0.

CodeHeap 'non-profiled nmethods': size=120000Kb used=4684Kb max_used=4684Kb free=115315Kb
 bounds [0x000001d796790000, 0x000001d796c30000, 0x000001d79dcc0000]
CodeHeap 'profiled nmethods': size=120000Kb used=16436Kb max_used=16436Kb free=103564Kb
 bounds [0x000001d78ecc0000, 0x000001d78fcd0000, 0x000001d7961f0000]
CodeHeap 'non-nmethods': size=5760Kb used=1422Kb max_used=1489Kb free=4338Kb
 bounds [0x000001d7961f0000, 0x000001d796460000, 0x000001d796790000]
CodeCache: size=245760Kb, used=22542Kb, max_used=22609Kb, free=223217Kb
 total_blobs=8641, nmethods=7906, adapters=641, full_count=0
Compilation: enabled, stopped_count=0, restarted_count=0

Compilation events (20 events):
Event: 16.851 Thread 0x000001d7e48ca940 nmethod 8458 0x000001d78fca6090 code [0x000001d78fca62c0, 0x000001d78fca6c28]
Event: 16.852 Thread 0x000001d7e48ca940 8459       3       java.util.regex.Pattern$BnM::optimize (179 bytes)
Event: 16.852 Thread 0x000001d7e48ca940 nmethod 8459 0x000001d78fca6f90 code [0x000001d78fca71e0, 0x000001d78fca7df8]
Event: 16.853 Thread 0x000001d7e48ca940 8460       3       org.apache.maven.model.path.DefaultUrlNormalizer::normalize (122 bytes)
Event: 16.854 Thread 0x000001d7e48ca940 nmethod 8460 0x000001d78fca8190 code [0x000001d78fca8500, 0x000001d78fca98c0]
Event: 16.854 Thread 0x000001d7e48ca940 8461   !   3       sun.nio.ch.FileChannelImpl::implCloseChannel (146 bytes)
Event: 16.855 Thread 0x000001d7e48ca940 nmethod 8461 0x000001d78fcaa090 code [0x000001d78fcaa380, 0x000001d78fcab400]
Event: 16.855 Thread 0x000001d7e48ca940 8463       3       java.lang.ThreadLocal::<init> (12 bytes)
Event: 16.855 Thread 0x000001d7e48ca940 nmethod 8463 0x000001d78fcab990 code [0x000001d78fcabb40, 0x000001d78fcabd58]
Event: 16.855 Thread 0x000001d7e48ca940 8464       3       java.lang.ThreadLocal::nextHashCode (9 bytes)
Event: 16.855 Thread 0x000001d7e48ca940 nmethod 8464 0x000001d78fcabe90 code [0x000001d78fcac040, 0x000001d78fcac170]
Event: 16.855 Thread 0x000001d7e48ca940 8462  s!   3       sun.nio.ch.NativeThreadSet::signalAndWait (134 bytes)
Event: 16.855 Thread 0x000001d7e48ca940 nmethod 8462 0x000001d78fcac210 code [0x000001d78fcac420, 0x000001d78fcacb20]
Event: 16.856 Thread 0x000001d7e48ca940 8465       3       org.codehaus.plexus.interpolation.RegexBasedInterpolator::addValueSource (12 bytes)
Event: 16.857 Thread 0x000001d7e48ca940 nmethod 8465 0x000001d78fcacd90 code [0x000001d78fcacf40, 0x000001d78fcad118]
Event: 16.857 Thread 0x000001d7e48ca940 8466       1       org.apache.maven.model.Model::getInceptionYear (5 bytes)
Event: 16.857 Thread 0x000001d7e48ca940 nmethod 8466 0x000001d796c19d10 code [0x000001d796c19ea0, 0x000001d796c19f70]
Event: 16.857 Thread 0x000001d7e48ca940 8468       1       ch.qos.logback.classic.spi.LogbackServiceProvider::getLoggerFactory (5 bytes)
Event: 16.858 Thread 0x000001d7e48ca940 nmethod 8468 0x000001d796c1a010 code [0x000001d796c1a1a0, 0x000001d796c1a268]
Event: 16.859 Thread 0x000001d7e48ca940 8469       1       org.apache.maven.model.Contributor::setEmail (6 bytes)

GC Heap History (20 events):
Event: 16.617 GC heap after
{Heap after GC invocations=37 (full 2):
 PSYoungGen      total 13824K, used 941K [0x00000000d5580000, 0x00000000d6900000, 0x0000000100000000)
  eden space 11776K, 0% used [0x00000000d5580000,0x00000000d5580000,0x00000000d6100000)
  from space 2048K, 45% used [0x00000000d6580000,0x00000000d666b7f0,0x00000000d6780000)
  to   space 1536K, 0% used [0x00000000d6780000,0x00000000d6780000,0x00000000d6900000)
 ParOldGen       total 68608K, used 54267K [0x0000000080000000, 0x0000000084300000, 0x00000000d5580000)
  object space 68608K, 79% used [0x0000000080000000,0x00000000834fedc0,0x0000000084300000)
 Metaspace       used 57330K, committed 58752K, reserved 1114112K
  class space    used 6198K, committed 6784K, reserved 1048576K
}
Event: 16.646 GC heap before
{Heap before GC invocations=38 (full 2):
 PSYoungGen      total 13824K, used 12717K [0x00000000d5580000, 0x00000000d6900000, 0x0000000100000000)
  eden space 11776K, 100% used [0x00000000d5580000,0x00000000d6100000,0x00000000d6100000)
  from space 2048K, 45% used [0x00000000d6580000,0x00000000d666b7f0,0x00000000d6780000)
  to   space 1536K, 0% used [0x00000000d6780000,0x00000000d6780000,0x00000000d6900000)
 ParOldGen       total 68608K, used 54267K [0x0000000080000000, 0x0000000084300000, 0x00000000d5580000)
  object space 68608K, 79% used [0x0000000080000000,0x00000000834fedc0,0x0000000084300000)
 Metaspace       used 57400K, committed 58880K, reserved 1114112K
  class space    used 6201K, committed 6784K, reserved 1048576K
}
Event: 16.647 GC heap after
{Heap after GC invocations=38 (full 2):
 PSYoungGen      total 12800K, used 803K [0x00000000d5580000, 0x00000000d6880000, 0x0000000100000000)
  eden space 11776K, 0% used [0x00000000d5580000,0x00000000d5580000,0x00000000d6100000)
  from space 1024K, 78% used [0x00000000d6780000,0x00000000d6848ed0,0x00000000d6880000)
  to   space 1024K, 0% used [0x00000000d6680000,0x00000000d6680000,0x00000000d6780000)
 ParOldGen       total 68608K, used 54895K [0x0000000080000000, 0x0000000084300000, 0x00000000d5580000)
  object space 68608K, 80% used [0x0000000080000000,0x000000008359bee8,0x0000000084300000)
 Metaspace       used 57400K, committed 58880K, reserved 1114112K
  class space    used 6201K, committed 6784K, reserved 1048576K
}
Event: 16.676 GC heap before
{Heap before GC invocations=39 (full 2):
 PSYoungGen      total 12800K, used 12579K [0x00000000d5580000, 0x00000000d6880000, 0x0000000100000000)
  eden space 11776K, 100% used [0x00000000d5580000,0x00000000d6100000,0x00000000d6100000)
  from space 1024K, 78% used [0x00000000d6780000,0x00000000d6848ed0,0x00000000d6880000)
  to   space 1024K, 0% used [0x00000000d6680000,0x00000000d6680000,0x00000000d6780000)
 ParOldGen       total 68608K, used 54895K [0x0000000080000000, 0x0000000084300000, 0x00000000d5580000)
  object space 68608K, 80% used [0x0000000080000000,0x000000008359bee8,0x0000000084300000)
 Metaspace       used 57430K, committed 58880K, reserved 1114112K
  class space    used 6201K, committed 6784K, reserved 1048576K
}
Event: 16.678 GC heap after
{Heap after GC invocations=39 (full 2):
 PSYoungGen      total 12800K, used 847K [0x00000000d5580000, 0x00000000d6800000, 0x0000000100000000)
  eden space 11776K, 0% used [0x00000000d5580000,0x00000000d5580000,0x00000000d6100000)
  from space 1024K, 82% used [0x00000000d6680000,0x00000000d6753de0,0x00000000d6780000)
  to   space 512K, 0% used [0x00000000d6780000,0x00000000d6780000,0x00000000d6800000)
 ParOldGen       total 68608K, used 55445K [0x0000000080000000, 0x0000000084300000, 0x00000000d5580000)
  object space 68608K, 80% used [0x0000000080000000,0x0000000083625530,0x0000000084300000)
 Metaspace       used 57430K, committed 58880K, reserved 1114112K
  class space    used 6201K, committed 6784K, reserved 1048576K
}
Event: 16.703 GC heap before
{Heap before GC invocations=40 (full 2):
 PSYoungGen      total 12800K, used 12623K [0x00000000d5580000, 0x00000000d6800000, 0x0000000100000000)
  eden space 11776K, 100% used [0x00000000d5580000,0x00000000d6100000,0x00000000d6100000)
  from space 1024K, 82% used [0x00000000d6680000,0x00000000d6753de0,0x00000000d6780000)
  to   space 512K, 0% used [0x00000000d6780000,0x00000000d6780000,0x00000000d6800000)
 ParOldGen       total 68608K, used 55445K [0x0000000080000000, 0x0000000084300000, 0x00000000d5580000)
  object space 68608K, 80% used [0x0000000080000000,0x0000000083625530,0x0000000084300000)
 Metaspace       used 57459K, committed 58880K, reserved 1114112K
  class space    used 6201K, committed 6784K, reserved 1048576K
}
Event: 16.704 GC heap after
{Heap after GC invocations=40 (full 2):
 PSYoungGen      total 12288K, used 508K [0x00000000d5580000, 0x00000000d6800000, 0x0000000100000000)
  eden space 11776K, 0% used [0x00000000d5580000,0x00000000d5580000,0x00000000d6100000)
  from space 512K, 99% used [0x00000000d6780000,0x00000000d67ff120,0x00000000d6800000)
  to   space 1536K, 0% used [0x00000000d6500000,0x00000000d6500000,0x00000000d6680000)
 ParOldGen       total 68608K, used 56017K [0x0000000080000000, 0x0000000084300000, 0x00000000d5580000)
  object space 68608K, 81% used [0x0000000080000000,0x00000000836b4648,0x0000000084300000)
 Metaspace       used 57459K, committed 58880K, reserved 1114112K
  class space    used 6201K, committed 6784K, reserved 1048576K
}
Event: 16.736 GC heap before
{Heap before GC invocations=41 (full 2):
 PSYoungGen      total 12288K, used 12284K [0x00000000d5580000, 0x00000000d6800000, 0x0000000100000000)
  eden space 11776K, 100% used [0x00000000d5580000,0x00000000d6100000,0x00000000d6100000)
  from space 512K, 99% used [0x00000000d6780000,0x00000000d67ff120,0x00000000d6800000)
  to   space 1536K, 0% used [0x00000000d6500000,0x00000000d6500000,0x00000000d6680000)
 ParOldGen       total 68608K, used 56017K [0x0000000080000000, 0x0000000084300000, 0x00000000d5580000)
  object space 68608K, 81% used [0x0000000080000000,0x00000000836b4648,0x0000000084300000)
 Metaspace       used 57489K, committed 58944K, reserved 1114112K
  class space    used 6207K, committed 6784K, reserved 1048576K
}
Event: 16.737 GC heap after
{Heap after GC invocations=41 (full 2):
 PSYoungGen      total 13312K, used 732K [0x00000000d5580000, 0x00000000d6800000, 0x0000000100000000)
  eden space 11776K, 0% used [0x00000000d5580000,0x00000000d5580000,0x00000000d6100000)
  from space 1536K, 47% used [0x00000000d6500000,0x00000000d65b7018,0x00000000d6680000)
  to   space 1024K, 0% used [0x00000000d6700000,0x00000000d6700000,0x00000000d6800000)
 ParOldGen       total 68608K, used 56407K [0x0000000080000000, 0x0000000084300000, 0x00000000d5580000)
  object space 68608K, 82% used [0x0000000080000000,0x0000000083715c38,0x0000000084300000)
 Metaspace       used 57489K, committed 58944K, reserved 1114112K
  class space    used 6207K, committed 6784K, reserved 1048576K
}
Event: 16.760 GC heap before
{Heap before GC invocations=42 (full 2):
 PSYoungGen      total 13312K, used 12508K [0x00000000d5580000, 0x00000000d6800000, 0x0000000100000000)
  eden space 11776K, 100% used [0x00000000d5580000,0x00000000d6100000,0x00000000d6100000)
  from space 1536K, 47% used [0x00000000d6500000,0x00000000d65b7018,0x00000000d6680000)
  to   space 1024K, 0% used [0x00000000d6700000,0x00000000d6700000,0x00000000d6800000)
 ParOldGen       total 68608K, used 56407K [0x0000000080000000, 0x0000000084300000, 0x00000000d5580000)
  object space 68608K, 82% used [0x0000000080000000,0x0000000083715c38,0x0000000084300000)
 Metaspace       used 57498K, committed 58944K, reserved 1114112K
  class space    used 6207K, committed 6784K, reserved 1048576K
}
Event: 16.762 GC heap after
{Heap after GC invocations=42 (full 2):
 PSYoungGen      total 12800K, used 662K [0x00000000d5580000, 0x00000000d6800000, 0x0000000100000000)
  eden space 11776K, 0% used [0x00000000d5580000,0x00000000d5580000,0x00000000d6100000)
  from space 1024K, 64% used [0x00000000d6700000,0x00000000d67a5ba8,0x00000000d6800000)
  to   space 1024K, 0% used [0x00000000d6600000,0x00000000d6600000,0x00000000d6700000)
 ParOldGen       total 68608K, used 56915K [0x0000000080000000, 0x0000000084300000, 0x00000000d5580000)
  object space 68608K, 82% used [0x0000000080000000,0x0000000083794d50,0x0000000084300000)
 Metaspace       used 57498K, committed 58944K, reserved 1114112K
  class space    used 6207K, committed 6784K, reserved 1048576K
}
Event: 16.782 GC heap before
{Heap before GC invocations=43 (full 2):
 PSYoungGen      total 12800K, used 12438K [0x00000000d5580000, 0x00000000d6800000, 0x0000000100000000)
  eden space 11776K, 100% used [0x00000000d5580000,0x00000000d6100000,0x00000000d6100000)
  from space 1024K, 64% used [0x00000000d6700000,0x00000000d67a5ba8,0x00000000d6800000)
  to   space 1024K, 0% used [0x00000000d6600000,0x00000000d6600000,0x00000000d6700000)
 ParOldGen       total 68608K, used 56915K [0x0000000080000000, 0x0000000084300000, 0x00000000d5580000)
  object space 68608K, 82% used [0x0000000080000000,0x0000000083794d50,0x0000000084300000)
 Metaspace       used 57510K, committed 58944K, reserved 1114112K
  class space    used 6207K, committed 6784K, reserved 1048576K
}
Event: 16.783 GC heap after
{Heap after GC invocations=43 (full 2):
 PSYoungGen      total 12800K, used 1015K [0x00000000d5580000, 0x00000000d6780000, 0x0000000100000000)
  eden space 11776K, 0% used [0x00000000d5580000,0x00000000d5580000,0x00000000d6100000)
  from space 1024K, 99% used [0x00000000d6600000,0x00000000d66fdd20,0x00000000d6700000)
  to   space 512K, 0% used [0x00000000d6700000,0x00000000d6700000,0x00000000d6780000)
 ParOldGen       total 68608K, used 57553K [0x0000000080000000, 0x0000000084300000, 0x00000000d5580000)
  object space 68608K, 83% used [0x0000000080000000,0x0000000083834578,0x0000000084300000)
 Metaspace       used 57510K, committed 58944K, reserved 1114112K
  class space    used 6207K, committed 6784K, reserved 1048576K
}
Event: 16.797 GC heap before
{Heap before GC invocations=44 (full 2):
 PSYoungGen      total 12800K, used 12791K [0x00000000d5580000, 0x00000000d6780000, 0x0000000100000000)
  eden space 11776K, 99% used [0x00000000d5580000,0x00000000d60ffff8,0x00000000d6100000)
  from space 1024K, 99% used [0x00000000d6600000,0x00000000d66fdd20,0x00000000d6700000)
  to   space 512K, 0% used [0x00000000d6700000,0x00000000d6700000,0x00000000d6780000)
 ParOldGen       total 68608K, used 57553K [0x0000000080000000, 0x0000000084300000, 0x00000000d5580000)
  object space 68608K, 83% used [0x0000000080000000,0x0000000083834578,0x0000000084300000)
 Metaspace       used 57516K, committed 58944K, reserved 1114112K
  class space    used 6207K, committed 6784K, reserved 1048576K
}
Event: 16.797 GC heap after
{Heap after GC invocations=44 (full 2):
 PSYoungGen      total 12288K, used 384K [0x00000000d5580000, 0x00000000d6780000, 0x0000000100000000)
  eden space 11776K, 0% used [0x00000000d5580000,0x00000000d5580000,0x00000000d6100000)
  from space 512K, 75% used [0x00000000d6700000,0x00000000d6760000,0x00000000d6780000)
  to   space 1024K, 0% used [0x00000000d6580000,0x00000000d6580000,0x00000000d6680000)
 ParOldGen       total 68608K, used 58583K [0x0000000080000000, 0x0000000084300000, 0x00000000d5580000)
  object space 68608K, 85% used [0x0000000080000000,0x0000000083935dd0,0x0000000084300000)
 Metaspace       used 57516K, committed 58944K, reserved 1114112K
  class space    used 6207K, committed 6784K, reserved 1048576K
}
Event: 16.813 GC heap before
{Heap before GC invocations=45 (full 2):
 PSYoungGen      total 12288K, used 12160K [0x00000000d5580000, 0x00000000d6780000, 0x0000000100000000)
  eden space 11776K, 100% used [0x00000000d5580000,0x00000000d6100000,0x00000000d6100000)
  from space 512K, 75% used [0x00000000d6700000,0x00000000d6760000,0x00000000d6780000)
  to   space 1024K, 0% used [0x00000000d6580000,0x00000000d6580000,0x00000000d6680000)
 ParOldGen       total 68608K, used 58583K [0x0000000080000000, 0x0000000084300000, 0x00000000d5580000)
  object space 68608K, 85% used [0x0000000080000000,0x0000000083935dd0,0x0000000084300000)
 Metaspace       used 57520K, committed 58944K, reserved 1114112K
  class space    used 6207K, committed 6784K, reserved 1048576K
}
Event: 16.814 GC heap after
{Heap after GC invocations=45 (full 2):
 PSYoungGen      total 12800K, used 832K [0x00000000d5580000, 0x00000000d6780000, 0x0000000100000000)
  eden space 11776K, 0% used [0x00000000d5580000,0x00000000d5580000,0x00000000d6100000)
  from space 1024K, 81% used [0x00000000d6580000,0x00000000d6650000,0x00000000d6680000)
  to   space 1024K, 0% used [0x00000000d6680000,0x00000000d6680000,0x00000000d6780000)
 ParOldGen       total 68608K, used 58863K [0x0000000080000000, 0x0000000084300000, 0x00000000d5580000)
  object space 68608K, 85% used [0x0000000080000000,0x000000008397bdd0,0x0000000084300000)
 Metaspace       used 57520K, committed 58944K, reserved 1114112K
  class space    used 6207K, committed 6784K, reserved 1048576K
}
Event: 16.830 GC heap before
{Heap before GC invocations=46 (full 2):
 PSYoungGen      total 12800K, used 12608K [0x00000000d5580000, 0x00000000d6780000, 0x0000000100000000)
  eden space 11776K, 100% used [0x00000000d5580000,0x00000000d6100000,0x00000000d6100000)
  from space 1024K, 81% used [0x00000000d6580000,0x00000000d6650000,0x00000000d6680000)
  to   space 1024K, 0% used [0x00000000d6680000,0x00000000d6680000,0x00000000d6780000)
 ParOldGen       total 68608K, used 58863K [0x0000000080000000, 0x0000000084300000, 0x00000000d5580000)
  object space 68608K, 85% used [0x0000000080000000,0x000000008397bdd0,0x0000000084300000)
 Metaspace       used 57528K, committed 58944K, reserved 1114112K
  class space    used 6207K, committed 6784K, reserved 1048576K
}
Event: 16.831 GC heap after
{Heap after GC invocations=46 (full 2):
 PSYoungGen      total 12800K, used 864K [0x00000000d5580000, 0x00000000d6780000, 0x0000000100000000)
  eden space 11776K, 0% used [0x00000000d5580000,0x00000000d5580000,0x00000000d6100000)
  from space 1024K, 84% used [0x00000000d6680000,0x00000000d6758000,0x00000000d6780000)
  to   space 1024K, 0% used [0x00000000d6580000,0x00000000d6580000,0x00000000d6680000)
 ParOldGen       total 68608K, used 59471K [0x0000000080000000, 0x0000000084300000, 0x00000000d5580000)
  object space 68608K, 86% used [0x0000000080000000,0x0000000083a13de0,0x0000000084300000)
 Metaspace       used 57528K, committed 58944K, reserved 1114112K
  class space    used 6207K, committed 6784K, reserved 1048576K
}
Event: 16.859 GC heap before
{Heap before GC invocations=47 (full 2):
 PSYoungGen      total 12800K, used 12640K [0x00000000d5580000, 0x00000000d6780000, 0x0000000100000000)
  eden space 11776K, 100% used [0x00000000d5580000,0x00000000d6100000,0x00000000d6100000)
  from space 1024K, 84% used [0x00000000d6680000,0x00000000d6758000,0x00000000d6780000)
  to   space 1024K, 0% used [0x00000000d6580000,0x00000000d6580000,0x00000000d6680000)
 ParOldGen       total 68608K, used 59471K [0x0000000080000000, 0x0000000084300000, 0x00000000d5580000)
  object space 68608K, 86% used [0x0000000080000000,0x0000000083a13de0,0x0000000084300000)
 Metaspace       used 57548K, committed 58944K, reserved 1114112K
  class space    used 6207K, committed 6784K, reserved 1048576K
}

Dll operation events (10 events):
Event: 0.015 Loaded shared library c:\Users\tranv\.vscode\extensions\redhat.java-1.47.0-win32-x64\jre\21.0.8-win32-x86_64\bin\java.dll
Event: 0.089 Loaded shared library c:\Users\tranv\.vscode\extensions\redhat.java-1.47.0-win32-x64\jre\21.0.8-win32-x86_64\bin\zip.dll
Event: 0.107 Loaded shared library C:\Users\tranv\.vscode\extensions\redhat.java-1.47.0-win32-x64\jre\21.0.8-win32-x86_64\bin\instrument.dll
Event: 0.112 Loaded shared library C:\Users\tranv\.vscode\extensions\redhat.java-1.47.0-win32-x64\jre\21.0.8-win32-x86_64\bin\net.dll
Event: 0.114 Loaded shared library C:\Users\tranv\.vscode\extensions\redhat.java-1.47.0-win32-x64\jre\21.0.8-win32-x86_64\bin\nio.dll
Event: 0.118 Loaded shared library C:\Users\tranv\.vscode\extensions\redhat.java-1.47.0-win32-x64\jre\21.0.8-win32-x86_64\bin\zip.dll
Event: 0.139 Loaded shared library C:\Users\tranv\.vscode\extensions\redhat.java-1.47.0-win32-x64\jre\21.0.8-win32-x86_64\bin\jimage.dll
Event: 0.211 Loaded shared library c:\Users\tranv\.vscode\extensions\redhat.java-1.47.0-win32-x64\jre\21.0.8-win32-x86_64\bin\verify.dll
Event: 6.358 Loaded shared library C:\Users\tranv\AppData\Roaming\Code\User\globalStorage\redhat.java\1.47.0\config_win\org.eclipse.equinox.launcher\org.eclipse.equinox.launcher.win32.win32.x86_64_1.2.1400.v20250801-0854\eclipse_11916.dll
Event: 8.436 Loaded shared library C:\Users\tranv\AppData\Local\Temp\jna-110621355\jna2290241143320187367.dll

Deoptimization events (20 events):
Event: 16.728 Thread 0x000001d7eac44040 Uncommon trap: trap_request=0xffffff45 fr.pc=0x000001d796bd4570 relative=0x0000000000000390
Event: 16.728 Thread 0x000001d7eac44040 Uncommon trap: reason=unstable_if action=reinterpret pc=0x000001d796bd4570 method=java.lang.CharacterDataLatin1.equalsIgnoreCase(BB)Z @ 24 c2
Event: 16.728 Thread 0x000001d7eac44040 DEOPT PACKING pc=0x000001d796bd4570 sp=0x0000007d2c6fd9b0
Event: 16.728 Thread 0x000001d7eac44040 DEOPT UNPACKING pc=0x000001d796243aa2 sp=0x0000007d2c6fd838 mode 2
Event: 16.728 Thread 0x000001d7eac44040 Uncommon trap: trap_request=0xffffff45 fr.pc=0x000001d796bcc71c relative=0x00000000000001fc
Event: 16.728 Thread 0x000001d7eac44040 Uncommon trap: reason=unstable_if action=reinterpret pc=0x000001d796bcc71c method=java.lang.CharacterDataLatin1.equalsIgnoreCase(BB)Z @ 24 c2
Event: 16.728 Thread 0x000001d7eac44040 DEOPT PACKING pc=0x000001d796bcc71c sp=0x0000007d2c6fd900
Event: 16.728 Thread 0x000001d7eac44040 DEOPT UNPACKING pc=0x000001d796243aa2 sp=0x0000007d2c6fd830 mode 2
Event: 16.732 Thread 0x000001d7eac44040 DEOPT PACKING pc=0x000001d78fc39449 sp=0x0000007d2c6fd460
Event: 16.732 Thread 0x000001d7eac44040 DEOPT UNPACKING pc=0x000001d796244242 sp=0x0000007d2c6fc9b8 mode 0
Event: 16.738 Thread 0x000001d7eac44040 DEOPT PACKING pc=0x000001d78fc39428 sp=0x0000007d2c6fd140
Event: 16.738 Thread 0x000001d7eac44040 DEOPT UNPACKING pc=0x000001d796244242 sp=0x0000007d2c6fc688 mode 0
Event: 16.764 Thread 0x000001d7ed41f0f0 Uncommon trap: trap_request=0xfffffff4 fr.pc=0x000001d796b2ffbc relative=0x000000000000017c
Event: 16.764 Thread 0x000001d7ed41f0f0 Uncommon trap: reason=null_check action=make_not_entrant pc=0x000001d796b2ffbc method=java.util.ArrayList$SubList.equals(Ljava/lang/Object;)Z @ 8 c2
Event: 16.764 Thread 0x000001d7ed41f0f0 DEOPT PACKING pc=0x000001d796b2ffbc sp=0x0000007d2effdf20
Event: 16.764 Thread 0x000001d7ed41f0f0 DEOPT UNPACKING pc=0x000001d796243aa2 sp=0x0000007d2effdeb8 mode 2
Event: 16.834 Thread 0x000001d7ed41f0f0 Uncommon trap: trap_request=0xfffffff4 fr.pc=0x000001d796c0c49c relative=0x000000000000015c
Event: 16.834 Thread 0x000001d7ed41f0f0 Uncommon trap: reason=null_check action=make_not_entrant pc=0x000001d796c0c49c method=java.util.ArrayList.equals(Ljava/lang/Object;)Z @ 8 c2
Event: 16.834 Thread 0x000001d7ed41f0f0 DEOPT PACKING pc=0x000001d796c0c49c sp=0x0000007d2effdf20
Event: 16.834 Thread 0x000001d7ed41f0f0 DEOPT UNPACKING pc=0x000001d796243aa2 sp=0x0000007d2effdeb0 mode 2

Classes loaded (20 events):
Event: 15.004 Loading class java/util/regex/Pattern$Caret
Event: 15.004 Loading class java/util/regex/Pattern$Caret done
Event: 15.074 Loading class java/util/Hashtable$ValueCollection
Event: 15.074 Loading class java/util/Hashtable$ValueCollection done
Event: 15.152 Loading class java/nio/charset/CharacterCodingException
Event: 15.153 Loading class java/nio/charset/CharacterCodingException done
Event: 15.153 Loading class java/io/SequenceInputStream
Event: 15.153 Loading class java/io/SequenceInputStream done
Event: 15.174 Loading class java/util/WeakHashMap$KeyIterator
Event: 15.174 Loading class java/util/WeakHashMap$KeyIterator done
Event: 15.226 Loading class java/util/concurrent/CompletableFuture$UniApply
Event: 15.226 Loading class java/util/concurrent/CompletableFuture$UniApply done
Event: 15.227 Loading class java/util/concurrent/CompletableFuture$UniExceptionally
Event: 15.227 Loading class java/util/concurrent/CompletableFuture$UniExceptionally done
Event: 15.244 Loading class java/util/concurrent/ForkJoinTask$AdaptedCallable
Event: 15.244 Loading class java/util/concurrent/ForkJoinTask$AdaptedCallable done
Event: 15.277 Loading class java/util/Hashtable$KeySet
Event: 15.278 Loading class java/util/Hashtable$KeySet done
Event: 16.409 Loading class java/lang/UnsupportedClassVersionError
Event: 16.409 Loading class java/lang/UnsupportedClassVersionError done

Classes unloaded (7 events):
Event: 8.842 Thread 0x000001d78bb7ac10 Unloading class 0x000001d7a41aec00 'java/lang/invoke/LambdaForm$MH+0x000001d7a41aec00'
Event: 8.842 Thread 0x000001d78bb7ac10 Unloading class 0x000001d7a41ae800 'java/lang/invoke/LambdaForm$MH+0x000001d7a41ae800'
Event: 8.842 Thread 0x000001d78bb7ac10 Unloading class 0x000001d7a41ae400 'java/lang/invoke/LambdaForm$MH+0x000001d7a41ae400'
Event: 8.842 Thread 0x000001d78bb7ac10 Unloading class 0x000001d7a41ae000 'java/lang/invoke/LambdaForm$MH+0x000001d7a41ae000'
Event: 8.842 Thread 0x000001d78bb7ac10 Unloading class 0x000001d7a41adc00 'java/lang/invoke/LambdaForm$BMH+0x000001d7a41adc00'
Event: 8.842 Thread 0x000001d78bb7ac10 Unloading class 0x000001d7a41ad800 'java/lang/invoke/LambdaForm$DMH+0x000001d7a41ad800'
Event: 8.842 Thread 0x000001d78bb7ac10 Unloading class 0x000001d7a41ac400 'java/lang/invoke/LambdaForm$DMH+0x000001d7a41ac400'

Classes redefined (0 events):
No events

Internal exceptions (20 events):
Event: 15.280 Thread 0x000001d7eac44040 Exception <a 'java/io/FileNotFoundException'{0x00000000d60ecb78}> (0x00000000d60ecb78) 
thrown [s\src\hotspot\share\prims\jni.cpp, line 520]
Event: 15.309 Thread 0x000001d7ed41dd40 Exception <a 'java/lang/IncompatibleClassChangeError'{0x00000000d690ea58}: Found class java.lang.Object, but interface was expected> (0x00000000d690ea58) 
thrown [s\src\hotspot\share\interpreter\linkResolver.cpp, line 840]
Event: 15.310 Thread 0x000001d7ed41dd40 Exception <a 'java/lang/IncompatibleClassChangeError'{0x00000000d69194c0}: Found class java.lang.Object, but interface was expected> (0x00000000d69194c0) 
thrown [s\src\hotspot\share\interpreter\linkResolver.cpp, line 840]
Event: 15.310 Thread 0x000001d7eaec4e50 Implicit null exception at 0x000001d796b931e4 to 0x000001d796b93fe4
Event: 15.337 Thread 0x000001d7eac44040 Exception <a 'sun/nio/fs/WindowsException'{0x00000000d5763430}> (0x00000000d5763430) 
thrown [s\src\hotspot\share\prims\jni.cpp, line 520]
Event: 15.337 Thread 0x000001d7eac44040 Exception <a 'sun/nio/fs/WindowsException'{0x00000000d5763c80}> (0x00000000d5763c80) 
thrown [s\src\hotspot\share\prims\jni.cpp, line 520]
Event: 15.338 Thread 0x000001d7eac44040 Exception <a 'sun/nio/fs/WindowsException'{0x00000000d5764ed0}> (0x00000000d5764ed0) 
thrown [s\src\hotspot\share\prims\jni.cpp, line 520]
Event: 15.338 Thread 0x000001d7eac44040 Exception <a 'sun/nio/fs/WindowsException'{0x00000000d5765720}> (0x00000000d5765720) 
thrown [s\src\hotspot\share\prims\jni.cpp, line 520]
Event: 15.345 Thread 0x000001d7eac44040 Exception <a 'java/io/FileNotFoundException'{0x00000000d57c1d00}> (0x00000000d57c1d00) 
thrown [s\src\hotspot\share\prims\jni.cpp, line 520]
Event: 15.345 Thread 0x000001d7eac44040 Exception <a 'java/io/FileNotFoundException'{0x00000000d57c2a80}> (0x00000000d57c2a80) 
thrown [s\src\hotspot\share\prims\jni.cpp, line 520]
Event: 16.370 Thread 0x000001d7eac44040 Exception <a 'sun/nio/fs/WindowsException'{0x00000000d58215c8}> (0x00000000d58215c8) 
thrown [s\src\hotspot\share\prims\jni.cpp, line 520]
Event: 16.370 Thread 0x000001d7eac44040 Exception <a 'sun/nio/fs/WindowsException'{0x00000000d5821e18}> (0x00000000d5821e18) 
thrown [s\src\hotspot\share\prims\jni.cpp, line 520]
Event: 16.373 Thread 0x000001d7eac446d0 Exception <a 'java/lang/NoSuchMethodError'{0x00000000d5869a38}: 'java.lang.Object java.lang.invoke.DirectMethodHandle$Holder.invokeSpecial(java.lang.Object, java.lang.Object, int, long)'> (0x00000000d5869a38) 
thrown [s\src\hotspot\share\interpreter\linkResolver.cpp, line 773]
Event: 16.390 Thread 0x000001d7eaec6200 Exception <a 'java/lang/ArrayIndexOutOfBoundsException'{0x00000000d5af8728}> (0x00000000d5af8728) 
thrown [s\src\hotspot\share\runtime\sharedRuntime.cpp, line 625]
Event: 16.431 Thread 0x000001d7ed41f0f0 Exception <a 'java/lang/NoSuchMethodError'{0x00000000d5e5b260}: 'int java.lang.invoke.Invokers$Holder.invokeExact_MT(java.lang.Object, java.lang.Object)'> (0x00000000d5e5b260) 
thrown [s\src\hotspot\share\interpreter\linkResolver.cpp, line 773]
Event: 16.522 Thread 0x000001d7eac44040 Exception <a 'java/lang/NoSuchMethodError'{0x00000000d596af70}: 'void java.lang.invoke.DirectMethodHandle$Holder.invokeStatic(java.lang.Object, java.lang.Object, java.lang.Object, int)'> (0x00000000d596af70) 
thrown [s\src\hotspot\share\interpreter\linkResolver.cpp, line 773]
Event: 16.530 Thread 0x000001d7eac44040 Exception <a 'java/lang/NoSuchMethodError'{0x00000000d5bd01c8}: 'void java.lang.invoke.DirectMethodHandle$Holder.invokeVirtual(java.lang.Object, java.lang.Object, int)'> (0x00000000d5bd01c8) 
thrown [s\src\hotspot\share\interpreter\linkResolver.cpp, line 773]
Event: 16.554 Thread 0x000001d7ed41f0f0 Implicit null exception at 0x000001d796af97a6 to 0x000001d796af9d74
Event: 16.764 Thread 0x000001d7ed41f0f0 Implicit null exception at 0x000001d796b2fe86 to 0x000001d796b2ffb1
Event: 16.834 Thread 0x000001d7ed41f0f0 Implicit null exception at 0x000001d796c0c386 to 0x000001d796c0c490

ZGC Phase Switch (0 events):
No events

VM Operations (20 events):
Event: 16.617 Executing VM operation: ParallelGCFailedAllocation (Allocation Failure) done
Event: 16.646 Executing VM operation: ParallelGCFailedAllocation (Allocation Failure)
Event: 16.647 Executing VM operation: ParallelGCFailedAllocation (Allocation Failure) done
Event: 16.676 Executing VM operation: ParallelGCFailedAllocation (Allocation Failure)
Event: 16.678 Executing VM operation: ParallelGCFailedAllocation (Allocation Failure) done
Event: 16.703 Executing VM operation: ParallelGCFailedAllocation (Allocation Failure)
Event: 16.704 Executing VM operation: ParallelGCFailedAllocation (Allocation Failure) done
Event: 16.736 Executing VM operation: ParallelGCFailedAllocation (Allocation Failure)
Event: 16.737 Executing VM operation: ParallelGCFailedAllocation (Allocation Failure) done
Event: 16.760 Executing VM operation: ParallelGCFailedAllocation (Allocation Failure)
Event: 16.762 Executing VM operation: ParallelGCFailedAllocation (Allocation Failure) done
Event: 16.782 Executing VM operation: ParallelGCFailedAllocation (Allocation Failure)
Event: 16.783 Executing VM operation: ParallelGCFailedAllocation (Allocation Failure) done
Event: 16.796 Executing VM operation: ParallelGCFailedAllocation (Allocation Failure)
Event: 16.797 Executing VM operation: ParallelGCFailedAllocation (Allocation Failure) done
Event: 16.813 Executing VM operation: ParallelGCFailedAllocation (Allocation Failure)
Event: 16.815 Executing VM operation: ParallelGCFailedAllocation (Allocation Failure) done
Event: 16.830 Executing VM operation: ParallelGCFailedAllocation (Allocation Failure)
Event: 16.831 Executing VM operation: ParallelGCFailedAllocation (Allocation Failure) done
Event: 16.859 Executing VM operation: ParallelGCFailedAllocation (Allocation Failure)

Memory protections (0 events):
No events

Nmethod flushes (20 events):
Event: 9.806 Thread 0x000001d78bb7ac10 flushing  nmethod 0x000001d78f2f1090
Event: 9.806 Thread 0x000001d78bb7ac10 flushing  nmethod 0x000001d78f2f1810
Event: 9.806 Thread 0x000001d78bb7ac10 flushing  nmethod 0x000001d78f2f2190
Event: 9.806 Thread 0x000001d78bb7ac10 flushing  nmethod 0x000001d78f2f3110
Event: 9.806 Thread 0x000001d78bb7ac10 flushing  nmethod 0x000001d78f2f3b10
Event: 9.806 Thread 0x000001d78bb7ac10 flushing  nmethod 0x000001d78f2f4c10
Event: 9.806 Thread 0x000001d78bb7ac10 flushing  nmethod 0x000001d78f2f6d10
Event: 9.806 Thread 0x000001d78bb7ac10 flushing  nmethod 0x000001d78f2f7790
Event: 9.806 Thread 0x000001d78bb7ac10 flushing  nmethod 0x000001d78f300e90
Event: 9.806 Thread 0x000001d78bb7ac10 flushing  nmethod 0x000001d78f314010
Event: 9.806 Thread 0x000001d78bb7ac10 flushing  nmethod 0x000001d78f32c190
Event: 9.806 Thread 0x000001d78bb7ac10 flushing  nmethod 0x000001d78f32fc90
Event: 9.806 Thread 0x000001d78bb7ac10 flushing  nmethod 0x000001d78f333410
Event: 9.806 Thread 0x000001d78bb7ac10 flushing  nmethod 0x000001d78f342f10
Event: 9.806 Thread 0x000001d78bb7ac10 flushing  nmethod 0x000001d78f344610
Event: 9.806 Thread 0x000001d78bb7ac10 flushing  nmethod 0x000001d78f345090
Event: 9.806 Thread 0x000001d78bb7ac10 flushing  nmethod 0x000001d78f3b6d10
Event: 9.806 Thread 0x000001d78bb7ac10 flushing  nmethod 0x000001d78f3c7090
Event: 9.806 Thread 0x000001d78bb7ac10 flushing  nmethod 0x000001d78f3c7510
Event: 9.806 Thread 0x000001d78bb7ac10 flushing  nmethod 0x000001d78f3cb790

Events (20 events):
Event: 9.628 Thread 0x000001d78bae3210 Thread added: 0x000001d7ed41bc70
Event: 9.628 Thread 0x000001d78bae3210 Thread added: 0x000001d7ed41a8c0
Event: 9.628 Thread 0x000001d78bae3210 Thread added: 0x000001d7ed41b5e0
Event: 9.628 Thread 0x000001d78bae3210 Thread added: 0x000001d7ed41c300
Event: 9.628 Thread 0x000001d78bae3210 Thread added: 0x000001d7ed41d020
Event: 9.628 Thread 0x000001d78bae3210 Thread added: 0x000001d7ed419ba0
Event: 9.658 Thread 0x000001d78bae3210 Thread added: 0x000001d7ed41d6b0
Event: 9.825 Thread 0x000001d78bae3210 Thread added: 0x000001d7ed41a230
Event: 9.825 Thread 0x000001d78bae3210 Thread added: 0x000001d7ed41dd40
Event: 15.227 Thread 0x000001d7ed41dd40 Thread added: 0x000001d7ed41f0f0
Event: 15.245 Thread 0x000001d7eac453f0 Thread added: 0x000001d7ed41ea60
Event: 15.245 Thread 0x000001d7eac453f0 Thread added: 0x000001d7eaec4e50
Event: 15.245 Thread 0x000001d7ed41ea60 Thread added: 0x000001d7eaec3410
Event: 15.246 Thread 0x000001d7eaec4e50 Thread added: 0x000001d7eaec6200
Event: 15.246 Thread 0x000001d7eaec3410 Thread added: 0x000001d7eaec6890
Event: 15.246 Thread 0x000001d7eaec6200 Thread added: 0x000001d7eaec5b70
Event: 15.246 Thread 0x000001d7eaec6890 Thread added: 0x000001d7eaec54e0
Event: 15.247 Thread 0x000001d7eaec5b70 Thread added: 0x000001d7eaec6f20
Event: 15.252 Thread 0x000001d7eaec54e0 Thread added: 0x000001d7eaec3aa0
Event: 15.252 Thread 0x000001d7eaec6f20 Thread added: 0x000001d7eaec47c0


Dynamic libraries:
0x00007ff738ec0000 - 0x00007ff738ece000 	c:\Users\tranv\.vscode\extensions\redhat.java-1.47.0-win32-x64\jre\21.0.8-win32-x86_64\bin\java.exe
0x00007ffe342c0000 - 0x00007ffe34528000 	C:\WINDOWS\SYSTEM32\ntdll.dll
0x00007ffe32e00000 - 0x00007ffe32ec9000 	C:\WINDOWS\System32\KERNEL32.DLL
0x00007ffe318f0000 - 0x00007ffe31ce8000 	C:\WINDOWS\System32\KERNELBASE.dll
0x00007ffe2dee0000 - 0x00007ffe2df7f000 	C:\WINDOWS\SYSTEM32\apphelp.dll
0x00007ffe31e30000 - 0x00007ffe31f7b000 	C:\WINDOWS\System32\ucrtbase.dll
0x00007ffe0e8d0000 - 0x00007ffe0e8e8000 	c:\Users\tranv\.vscode\extensions\redhat.java-1.47.0-win32-x64\jre\21.0.8-win32-x86_64\bin\jli.dll
0x00007ffe0b4a0000 - 0x00007ffe0b4be000 	c:\Users\tranv\.vscode\extensions\redhat.java-1.47.0-win32-x64\jre\21.0.8-win32-x86_64\bin\VCRUNTIME140.dll
0x00007ffe15c80000 - 0x00007ffe15f14000 	C:\WINDOWS\WinSxS\amd64_microsoft.windows.common-controls_6595b64144ccf1df_6.0.26100.7019_none_3e06ffa0e335b8a8\COMCTL32.dll
0x00007ffe341d0000 - 0x00007ffe34279000 	C:\WINDOWS\System32\msvcrt.dll
0x00007ffe32b00000 - 0x00007ffe32b2b000 	C:\WINDOWS\System32\GDI32.dll
0x00007ffe31f80000 - 0x00007ffe31fa7000 	C:\WINDOWS\System32\win32u.dll
0x00007ffe31580000 - 0x00007ffe316ac000 	C:\WINDOWS\System32\gdi32full.dll
0x00007ffe31fb0000 - 0x00007ffe32053000 	C:\WINDOWS\System32\msvcp_win.dll
0x00007ffe33cf0000 - 0x00007ffe33eb7000 	C:\WINDOWS\System32\USER32.dll
0x00007ffe320e0000 - 0x00007ffe32111000 	C:\WINDOWS\System32\IMM32.DLL
0x00007ffe18f30000 - 0x00007ffe18f3c000 	c:\Users\tranv\.vscode\extensions\redhat.java-1.47.0-win32-x64\jre\21.0.8-win32-x86_64\bin\vcruntime140_1.dll
0x00007ffdd5560000 - 0x00007ffdd55ed000 	c:\Users\tranv\.vscode\extensions\redhat.java-1.47.0-win32-x64\jre\21.0.8-win32-x86_64\bin\msvcp140.dll
0x00007ffdc0cd0000 - 0x00007ffdc1a67000 	c:\Users\tranv\.vscode\extensions\redhat.java-1.47.0-win32-x64\jre\21.0.8-win32-x86_64\bin\server\jvm.dll
0x00007ffe34080000 - 0x00007ffe34134000 	C:\WINDOWS\System32\ADVAPI32.dll
0x00007ffe33ec0000 - 0x00007ffe33f66000 	C:\WINDOWS\System32\sechost.dll
0x00007ffe32730000 - 0x00007ffe32848000 	C:\WINDOWS\System32\RPCRT4.dll
0x00007ffe328a0000 - 0x00007ffe32914000 	C:\WINDOWS\System32\WS2_32.dll
0x00007ffe2a140000 - 0x00007ffe2a14b000 	C:\WINDOWS\SYSTEM32\VERSION.dll
0x00007ffe31270000 - 0x00007ffe312ce000 	C:\WINDOWS\SYSTEM32\POWRPROF.dll
0x00007ffe20970000 - 0x00007ffe209a5000 	C:\WINDOWS\SYSTEM32\WINMM.dll
0x00007ffe31250000 - 0x00007ffe31264000 	C:\WINDOWS\SYSTEM32\UMPDC.dll
0x00007ffe301b0000 - 0x00007ffe301cb000 	C:\WINDOWS\SYSTEM32\kernel.appcore.dll
0x00007ffe0b440000 - 0x00007ffe0b44a000 	c:\Users\tranv\.vscode\extensions\redhat.java-1.47.0-win32-x64\jre\21.0.8-win32-x86_64\bin\jimage.dll
0x00007ffe2ebd0000 - 0x00007ffe2ee12000 	C:\WINDOWS\SYSTEM32\DBGHELP.DLL
0x00007ffe32ee0000 - 0x00007ffe3326b000 	C:\WINDOWS\System32\combase.dll
0x00007ffe33f90000 - 0x00007ffe34067000 	C:\WINDOWS\System32\OLEAUT32.dll
0x00007ffe0dae0000 - 0x00007ffe0db1c000 	C:\WINDOWS\SYSTEM32\dbgcore.DLL
0x00007ffe31d80000 - 0x00007ffe31e25000 	C:\WINDOWS\System32\bcryptPrimitives.dll
0x00007ffe09b40000 - 0x00007ffe09b4f000 	c:\Users\tranv\.vscode\extensions\redhat.java-1.47.0-win32-x64\jre\21.0.8-win32-x86_64\bin\instrument.dll
0x00007ffdf0120000 - 0x00007ffdf013f000 	c:\Users\tranv\.vscode\extensions\redhat.java-1.47.0-win32-x64\jre\21.0.8-win32-x86_64\bin\java.dll
0x00007ffe33590000 - 0x00007ffe33cdf000 	C:\WINDOWS\System32\SHELL32.dll
0x00007ffe31410000 - 0x00007ffe3157b000 	C:\WINDOWS\System32\wintypes.dll
0x00007ffe2f010000 - 0x00007ffe2f86d000 	C:\WINDOWS\SYSTEM32\windows.storage.dll
0x00007ffe32d00000 - 0x00007ffe32df2000 	C:\WINDOWS\System32\SHCORE.dll
0x00007ffe33410000 - 0x00007ffe33477000 	C:\WINDOWS\System32\shlwapi.dll
0x00007ffe31330000 - 0x00007ffe31359000 	C:\WINDOWS\SYSTEM32\profapi.dll
0x00007ffdef000000 - 0x00007ffdef018000 	c:\Users\tranv\.vscode\extensions\redhat.java-1.47.0-win32-x64\jre\21.0.8-win32-x86_64\bin\zip.dll
0x00007ffe09b30000 - 0x00007ffe09b40000 	C:\Users\tranv\.vscode\extensions\redhat.java-1.47.0-win32-x64\jre\21.0.8-win32-x86_64\bin\net.dll
0x00007ffe29e50000 - 0x00007ffe29f78000 	C:\WINDOWS\SYSTEM32\WINHTTP.dll
0x00007ffe30740000 - 0x00007ffe307ab000 	C:\WINDOWS\system32\mswsock.dll
0x00007ffdeb500000 - 0x00007ffdeb516000 	C:\Users\tranv\.vscode\extensions\redhat.java-1.47.0-win32-x64\jre\21.0.8-win32-x86_64\bin\nio.dll
0x00007ffe09ae0000 - 0x00007ffe09af0000 	c:\Users\tranv\.vscode\extensions\redhat.java-1.47.0-win32-x64\jre\21.0.8-win32-x86_64\bin\verify.dll
0x00007ffde5600000 - 0x00007ffde5644000 	C:\Users\tranv\AppData\Roaming\Code\User\globalStorage\redhat.java\1.47.0\config_win\org.eclipse.equinox.launcher\org.eclipse.equinox.launcher.win32.win32.x86_64_1.2.1400.v20250801-0854\eclipse_11916.dll
0x00007ffe33270000 - 0x00007ffe33407000 	C:\WINDOWS\System32\ole32.dll
0x00007ffe30a00000 - 0x00007ffe30a1b000 	C:\WINDOWS\SYSTEM32\CRYPTSP.dll
0x00007ffe30110000 - 0x00007ffe3014a000 	C:\WINDOWS\system32\rsaenh.dll
0x00007ffe307f0000 - 0x00007ffe3081b000 	C:\WINDOWS\SYSTEM32\USERENV.dll
0x00007ffe31300000 - 0x00007ffe3132a000 	C:\WINDOWS\SYSTEM32\bcrypt.dll
0x00007ffe30a20000 - 0x00007ffe30a2c000 	C:\WINDOWS\SYSTEM32\CRYPTBASE.dll
0x00007ffe2fb90000 - 0x00007ffe2fbc4000 	C:\WINDOWS\SYSTEM32\IPHLPAPI.DLL
0x00007ffe34070000 - 0x00007ffe3407a000 	C:\WINDOWS\System32\NSI.dll
0x00007ffde54d0000 - 0x00007ffde5519000 	C:\Users\tranv\AppData\Local\Temp\jna-110621355\jna2290241143320187367.dll
0x00007ffe32ed0000 - 0x00007ffe32ed8000 	C:\WINDOWS\System32\PSAPI.DLL
0x00007ffe2a150000 - 0x00007ffe2a16e000 	C:\WINDOWS\SYSTEM32\dhcpcsvc6.DLL
0x00007ffe29d60000 - 0x00007ffe29d83000 	C:\WINDOWS\SYSTEM32\dhcpcsvc.DLL

JVMTI agents:
c:\Users\tranv\.vscode\extensions\redhat.java-1.47.0-win32-x64\lombok\lombok-1.18.39-4050.jar path:c:\Users\tranv\.vscode\extensions\redhat.java-1.47.0-win32-x64\jre\21.0.8-win32-x86_64\bin\instrument.dll, loaded, initialized, instrumentlib options:none

dbghelp: loaded successfully - version: 4.0.5 - missing functions: none
symbol engine: initialized successfully - sym options: 0x614 - pdb path: .;c:\Users\tranv\.vscode\extensions\redhat.java-1.47.0-win32-x64\jre\21.0.8-win32-x86_64\bin;C:\WINDOWS\SYSTEM32;C:\WINDOWS\WinSxS\amd64_microsoft.windows.common-controls_6595b64144ccf1df_6.0.26100.7019_none_3e06ffa0e335b8a8;c:\Users\tranv\.vscode\extensions\redhat.java-1.47.0-win32-x64\jre\21.0.8-win32-x86_64\bin\server;C:\Users\tranv\AppData\Roaming\Code\User\globalStorage\redhat.java\1.47.0\config_win\org.eclipse.equinox.launcher\org.eclipse.equinox.launcher.win32.win32.x86_64_1.2.1400.v20250801-0854;C:\Users\tranv\AppData\Local\Temp\jna-110621355

VM Arguments:
jvm_args: --add-modules=ALL-SYSTEM --add-opens=java.base/java.util=ALL-UNNAMED --add-opens=java.base/java.lang=ALL-UNNAMED --add-opens=java.base/sun.nio.fs=ALL-UNNAMED -Declipse.application=org.eclipse.jdt.ls.core.id1 -Dosgi.bundles.defaultStartLevel=4 -Declipse.product=org.eclipse.jdt.ls.core.product -Djava.import.generatesMetadataFilesAtProjectRoot=false -DDetectVMInstallationsJob.disabled=true -Dfile.encoding=utf8 -XX:+UseParallelGC -XX:GCTimeRatio=4 -XX:AdaptiveSizePolicyWeight=90 -Dsun.zip.disableMemoryMapping=true -Xmx2G -Xms100m -Xlog:disable -javaagent:c:\Users\tranv\.vscode\extensions\redhat.java-1.47.0-win32-x64\lombok\lombok-1.18.39-4050.jar -XX:+HeapDumpOnOutOfMemoryError -XX:HeapDumpPath=c:\Users\tranv\AppData\Roaming\Code\User\workspaceStorage\4b63f8233f234ad6b6c4e964067bbf89\redhat.java -Daether.dependencyCollector.impl=bf 
java_command: c:\Users\tranv\.vscode\extensions\redhat.java-1.47.0-win32-x64\server\plugins\org.eclipse.equinox.launcher_1.7.100.v20251014-1222.jar -configuration c:\Users\tranv\AppData\Roaming\Code\User\globalStorage\redhat.java\1.47.0\config_win -data c:\Users\tranv\AppData\Roaming\Code\User\workspaceStorage\4b63f8233f234ad6b6c4e964067bbf89\redhat.java\jdt_ws --pipe=\\.\pipe\lsp-c1b61e0e7a7f6c773c8793a66b7e4742-sock
java_class_path (initial): c:\Users\tranv\.vscode\extensions\redhat.java-1.47.0-win32-x64\server\plugins\org.eclipse.equinox.launcher_1.7.100.v20251014-1222.jar
Launcher Type: SUN_STANDARD

[Global flags]
    uintx AdaptiveSizePolicyWeight                 = 90                                        {product} {command line}
     intx CICompilerCount                          = 4                                         {product} {ergonomic}
    uintx GCTimeRatio                              = 4                                         {product} {command line}
     bool HeapDumpOnOutOfMemoryError               = true                                   {manageable} {command line}
    ccstr HeapDumpPath                             = c:\Users\tranv\AppData\Roaming\Code\User\workspaceStorage\4b63f8233f234ad6b6c4e964067bbf89\redhat.java         {manageable} {command line}
   size_t InitialHeapSize                          = 104857600                                 {product} {command line}
   size_t MaxHeapSize                              = 2147483648                                {product} {command line}
   size_t MaxNewSize                               = 715653120                                 {product} {ergonomic}
   size_t MinHeapDeltaBytes                        = 524288                                    {product} {ergonomic}
   size_t MinHeapSize                              = 104857600                                 {product} {command line}
   size_t NewSize                                  = 34603008                                  {product} {ergonomic}
    uintx NonNMethodCodeHeapSize                   = 5839372                                {pd product} {ergonomic}
    uintx NonProfiledCodeHeapSize                  = 122909434                              {pd product} {ergonomic}
   size_t OldSize                                  = 70254592                                  {product} {ergonomic}
    uintx ProfiledCodeHeapSize                     = 122909434                              {pd product} {ergonomic}
    uintx ReservedCodeCacheSize                    = 251658240                              {pd product} {ergonomic}
     bool SegmentedCodeCache                       = true                                      {product} {ergonomic}
   size_t SoftMaxHeapSize                          = 2147483648                             {manageable} {ergonomic}
     bool UseCompressedOops                        = true                           {product lp64_product} {ergonomic}
     bool UseLargePagesIndividualAllocation        = false                                  {pd product} {ergonomic}
     bool UseParallelGC                            = true                                      {product} {command line}

Logging:
Log output configuration:
 #0: stdout all=off uptime,level,tags foldmultilines=false
 #1: stderr all=off uptime,level,tags foldmultilines=false

Environment Variables:
PATH=C:\Program Files (x86)\VMware\VMware Workstation\bin\;C:\ProgramData\Oracle\Java\javapath;C:\Windows\system32;C:\Windows;C:\Windows\System32\Wbem;C:\Windows\System32\WindowsPowerShell\v1.0\;C:\Windows\System32\OpenSSH\;C:\Program Files (x86)\NVIDIA Corporation\PhysX\Common;C:\WINDOWS\system32;C:\WINDOWS;C:\WINDOWS\System32\Wbem;C:\WINDOWS\System32\WindowsPowerShell\v1.0\;C:\WINDOWS\System32\OpenSSH\;C:\Program Files\Microsoft SQL Server\150\Tools\Binn\;C:\MinGW\bin;C:\Program Files (x86)\Microsoft SQL Server\160\Tools\Binn\;C:\Program Files\Microsoft SQL Server\160\Tools\Binn\;C:\Program Files\Microsoft SQL Server\Client SDK\ODBC\170\Tools\Binn\;C:\Program Files\Microsoft SQL Server\160\DTS\Binn\;C:\Program Files (x86)\Microsoft SQL Server\160\DTS\Binn\;C:\Program Files\Azure Data Studio\bin;E:\Rational\common;C:\Program Files\Git\cmd;C:\Program Files\nodejs\;C:\Program Files\dotnet\;C:\Users\tranv\AppData\Local\Microsoft\WindowsApps;C:\Program Files\Azure Data Studio\bin;C:\Users\tranv\AppData\Local\Programs\Microsoft VS Code\bin;C:\Users\tranv\.dotnet\tools;C:\Users\tranv\AppData\Local\GitHubDesktop\bin;C:\Users\tranv\AppData\Roaming\npm;C:\Users\tranv\AppData\Local\Programs\cursor\resources\app\bin;
USERNAME=tranv
OS=Windows_NT
PROCESSOR_IDENTIFIER=AMD64 Family 25 Model 80 Stepping 0, AuthenticAMD
TMP=C:\Users\tranv\AppData\Local\Temp
TEMP=C:\Users\tranv\AppData\Local\Temp




Periodic native trim disabled

---------------  S Y S T E M  ---------------

OS:
 Windows 11 , 64 bit Build 26100 (10.0.26100.7019)
OS uptime: 17 days 15:25 hours
Hyper-V role detected

CPU: total 12 (initial active 12) (12 cores per cpu, 2 threads per core) family 25 model 80 stepping 0 microcode 0xa50000b, cx8, cmov, fxsr, ht, mmx, 3dnowpref, sse, sse2, sse3, ssse3, sse4a, sse4.1, sse4.2, popcnt, lzcnt, tsc, tscinvbit, avx, avx2, aes, erms, clmul, bmi1, bmi2, adx, sha, fma, vzeroupper, clflush, clflushopt, hv, rdtscp, rdpid, fsrm, f16c, cet_ss
Processor Information for the first 12 processors :
  Max Mhz: 3301, Current Mhz: 3301, Mhz Limit: 3301

Memory: 4k page, system-wide physical 16252M (3363M free)
TotalPageFile size 20348M (AvailPageFile size 400M)
current process WorkingSet (physical memory assigned to process): 290M, peak: 291M
current process commit charge ("private bytes"): 377M, peak: 403M

vm_info: OpenJDK 64-Bit Server VM (21.0.8+9-LTS) for windows-amd64 JRE (21.0.8+9-LTS), built on 2025-07-15T00:00:00Z by "admin" with MS VC++ 17.7 (VS2022)

END.
